<?xml version="1.0" encoding="UTF-8"?>
<testsuite xmlns:xsi="http://www.w3.org/2001/XMLSchema-instance" xsi:noNamespaceSchemaLocation="https://maven.apache.org/surefire/maven-surefire-plugin/xsd/surefire-test-report-3.0.xsd" version="3.0" name="CarbonCreditsAPITests" time="3.741" tests="3" errors="0" skipped="0" failures="0">
  <properties>
[...]
</properties>
  <testcase name="testGoodPositionInCategory" classname="CarbonCreditsAPITests" time="2.456"/>
  <testcase name="testCarbonCredits" classname="CarbonCreditsAPITests" time="0.442"/>
  <testcase name="testCanReList" classname="CarbonCreditsAPITests" time="0.404"/>
</testsuite>